<?xml version="1.0" encoding="UTF-8"?>
<testng-results skipped="0" failed="1" ignored="0" total="3" passed="2">
  <reporter-output>
  </reporter-output>
  <suite name="Default suite" duration-ms="139266" started-at="2018-08-06T11:24:20Z" finished-at="2018-08-06T11:26:39Z">
    <groups>
      <group name="smokeTest">
        <method signature="CampaignTest.createCampTest()[pri:0, instance:com.crm.CampaignTest.CampaignTest@149494d8]" name="createCampTest" class="com.crm.CampaignTest.CampaignTest"/>
      </group> <!-- smokeTest -->
    </groups>
    <test name="Default test" duration-ms="139266" started-at="2018-08-06T11:24:20Z" finished-at="2018-08-06T11:26:39Z">
      <class name="com.crm.CampaignTest.CampaignTest">
        <test-method status="PASS" signature="configBs()[pri:0, instance:com.crm.CampaignTest.CampaignTest@149494d8]" name="configBs" is-config="true" duration-ms="47" started-at="2018-08-06T11:24:20Z" finished-at="2018-08-06T11:24:20Z">
          <reporter-output>
          </reporter-output>
        </test-method> <!-- configBs -->
        <test-method status="PASS" signature="configBC()[pri:0, instance:com.crm.CampaignTest.CampaignTest@149494d8]" name="configBC" is-config="true" duration-ms="14220" started-at="2018-08-06T11:24:20Z" finished-at="2018-08-06T11:24:34Z">
          <reporter-output>
          </reporter-output>
        </test-method> <!-- configBC -->
        <test-method status="PASS" signature="login()[pri:0, instance:com.crm.CampaignTest.CampaignTest@149494d8]" name="login" is-config="true" duration-ms="10935" started-at="2018-08-06T11:24:34Z" finished-at="2018-08-06T11:24:45Z">
          <reporter-output>
          </reporter-output>
        </test-method> <!-- login -->
        <test-method status="PASS" signature="createCampMapProductTest()[pri:0, instance:com.crm.CampaignTest.CampaignTest@149494d8]" name="createCampMapProductTest" duration-ms="34487" started-at="2018-08-06T11:24:45Z" finished-at="2018-08-06T11:25:20Z">
          <reporter-output>
          </reporter-output>
        </test-method> <!-- createCampMapProductTest -->
        <test-method status="PASS" signature="logout()[pri:0, instance:com.crm.CampaignTest.CampaignTest@149494d8]" name="logout" is-config="true" duration-ms="5629" started-at="2018-08-06T11:25:20Z" finished-at="2018-08-06T11:25:25Z">
          <reporter-output>
          </reporter-output>
        </test-method> <!-- logout -->
        <test-method status="PASS" signature="login()[pri:0, instance:com.crm.CampaignTest.CampaignTest@149494d8]" name="login" is-config="true" duration-ms="6437" started-at="2018-08-06T11:25:25Z" finished-at="2018-08-06T11:25:32Z">
          <reporter-output>
          </reporter-output>
        </test-method> <!-- login -->
        <test-method status="FAIL" signature="createCampTest()[pri:0, instance:com.crm.CampaignTest.CampaignTest@149494d8]" name="createCampTest" duration-ms="21115" started-at="2018-08-06T11:25:32Z" finished-at="2018-08-06T11:25:53Z">
          <exception class="org.openqa.selenium.NoSuchElementException">
            <message>
              <![CDATA[Unable to locate element: {"method":"link text","selector":"Campaigns"}
Command duration or timeout: 20.48 seconds
For documentation on this error, please visit: http://seleniumhq.org/exceptions/no_such_element.html
Build info: version: '2.53.1', revision: 'a36b8b1cd5757287168e54b817830adce9b0158d', time: '2016-06-30 19:26:09'
System info: host: 'Yasmeen-PC', ip: '192.168.0.111', os.name: 'Windows 7', os.arch: 'amd64', os.version: '6.1', java.version: '1.8.0_172'
Driver info: org.openqa.selenium.firefox.FirefoxDriver
Capabilities [{applicationCacheEnabled=true, rotatable=false, handlesAlerts=true, databaseEnabled=true, version=45.0.1, platform=WINDOWS, nativeEvents=false, acceptSslCerts=true, webStorageEnabled=true, locationContextEnabled=true, browserName=firefox, takesScreenshot=true, javascriptEnabled=true, cssSelectorsEnabled=true}]
Session ID: fe0456f7-a0df-4b2e-ad8b-354b2a5e133f
*** Element info: {Using=link text, value=Campaigns}]]>
            </message>
            <full-stacktrace>
              <![CDATA[org.openqa.selenium.NoSuchElementException: Unable to locate element: {"method":"link text","selector":"Campaigns"}
Command duration or timeout: 20.48 seconds
For documentation on this error, please visit: http://seleniumhq.org/exceptions/no_such_element.html
Build info: version: '2.53.1', revision: 'a36b8b1cd5757287168e54b817830adce9b0158d', time: '2016-06-30 19:26:09'
System info: host: 'Yasmeen-PC', ip: '192.168.0.111', os.name: 'Windows 7', os.arch: 'amd64', os.version: '6.1', java.version: '1.8.0_172'
Driver info: org.openqa.selenium.firefox.FirefoxDriver
Capabilities [{applicationCacheEnabled=true, rotatable=false, handlesAlerts=true, databaseEnabled=true, version=45.0.1, platform=WINDOWS, nativeEvents=false, acceptSslCerts=true, webStorageEnabled=true, locationContextEnabled=true, browserName=firefox, takesScreenshot=true, javascriptEnabled=true, cssSelectorsEnabled=true}]
Session ID: fe0456f7-a0df-4b2e-ad8b-354b2a5e133f
*** Element info: {Using=link text, value=Campaigns}
at sun.reflect.NativeConstructorAccessorImpl.newInstance0(Native Method)
at sun.reflect.NativeConstructorAccessorImpl.newInstance(Unknown Source)
at sun.reflect.DelegatingConstructorAccessorImpl.newInstance(Unknown Source)
at java.lang.reflect.Constructor.newInstance(Unknown Source)
at org.openqa.selenium.remote.ErrorHandler.createThrowable(ErrorHandler.java:206)
at org.openqa.selenium.remote.ErrorHandler.throwIfResponseFailed(ErrorHandler.java:158)
at org.openqa.selenium.remote.RemoteWebDriver.execute(RemoteWebDriver.java:678)
at org.openqa.selenium.remote.RemoteWebDriver.findElement(RemoteWebDriver.java:363)
at org.openqa.selenium.remote.RemoteWebDriver.findElementByLinkText(RemoteWebDriver.java:428)
at org.openqa.selenium.By$ByLinkText.findElement(By.java:246)
at org.openqa.selenium.remote.RemoteWebDriver.findElement(RemoteWebDriver.java:355)
at org.openqa.selenium.support.pagefactory.DefaultElementLocator.findElement(DefaultElementLocator.java:69)
at org.openqa.selenium.support.pagefactory.internal.LocatingElementHandler.invoke(LocatingElementHandler.java:38)
at com.sun.proxy.$Proxy11.click(Unknown Source)
at com.crm.ObjectRepository.Home.navigateToCampaignsPage(Home.java:82)
at com.crm.CampaignTest.CampaignTest.createCampTest(CampaignTest.java:46)
at sun.reflect.NativeMethodAccessorImpl.invoke0(Native Method)
at sun.reflect.NativeMethodAccessorImpl.invoke(Unknown Source)
at sun.reflect.DelegatingMethodAccessorImpl.invoke(Unknown Source)
at java.lang.reflect.Method.invoke(Unknown Source)
at org.testng.internal.MethodInvocationHelper.invokeMethod(MethodInvocationHelper.java:124)
at org.testng.internal.Invoker.invokeMethod(Invoker.java:580)
at org.testng.internal.Invoker.invokeTestMethod(Invoker.java:716)
at org.testng.internal.Invoker.invokeTestMethods(Invoker.java:988)
at org.testng.internal.TestMethodWorker.invokeTestMethods(TestMethodWorker.java:125)
at org.testng.internal.TestMethodWorker.run(TestMethodWorker.java:109)
at org.testng.TestRunner.privateRun(TestRunner.java:648)
at org.testng.TestRunner.run(TestRunner.java:505)
at org.testng.SuiteRunner.runTest(SuiteRunner.java:455)
at org.testng.SuiteRunner.runSequentially(SuiteRunner.java:450)
at org.testng.SuiteRunner.privateRun(SuiteRunner.java:415)
at org.testng.SuiteRunner.run(SuiteRunner.java:364)
at org.testng.SuiteRunnerWorker.runSuite(SuiteRunnerWorker.java:52)
at org.testng.SuiteRunnerWorker.run(SuiteRunnerWorker.java:84)
at org.testng.TestNG.runSuitesSequentially(TestNG.java:1208)
at org.testng.TestNG.runSuitesLocally(TestNG.java:1137)
at org.testng.TestNG.runSuites(TestNG.java:1049)
at org.testng.TestNG.run(TestNG.java:1017)
at org.testng.remote.AbstractRemoteTestNG.run(AbstractRemoteTestNG.java:114)
at org.testng.remote.RemoteTestNG.initAndRun(RemoteTestNG.java:251)
at org.testng.remote.RemoteTestNG.main(RemoteTestNG.java:77)
Caused by: org.openqa.selenium.NoSuchElementException: Unable to locate element: {"method":"link text","selector":"Campaigns"}
For documentation on this error, please visit: http://seleniumhq.org/exceptions/no_such_element.html
Build info: version: '2.53.1', revision: 'a36b8b1cd5757287168e54b817830adce9b0158d', time: '2016-06-30 19:26:09'
System info: host: 'Yasmeen-PC', ip: '192.168.0.111', os.name: 'Windows 7', os.arch: 'amd64', os.version: '6.1', java.version: '1.8.0_172'
Driver info: driver.version: unknown
at <anonymous class>.FirefoxDriver.prototype.findElementInternal_(file:///C:/Users/ADMINI~1/AppData/Local/Temp/anonymous8228072382401103432webdriver-profile/extensions/fxdriver@googlecode.com/components/driver-component.js:10770)
at <anonymous class>.fxdriver.Timer.prototype.setTimeout/<.notify(file:///C:/Users/ADMINI~1/AppData/Local/Temp/anonymous8228072382401103432webdriver-profile/extensions/fxdriver@googlecode.com/components/driver-component.js:625)
]]>
            </full-stacktrace>
          </exception> <!-- org.openqa.selenium.NoSuchElementException -->
          <reporter-output>
          </reporter-output>
        </test-method> <!-- createCampTest -->
        <test-method status="PASS" signature="logout()[pri:0, instance:com.crm.CampaignTest.CampaignTest@149494d8]" name="logout" is-config="true" duration-ms="3467" started-at="2018-08-06T11:25:53Z" finished-at="2018-08-06T11:25:56Z">
          <reporter-output>
          </reporter-output>
        </test-method> <!-- logout -->
        <test-method status="PASS" signature="login()[pri:0, instance:com.crm.CampaignTest.CampaignTest@149494d8]" name="login" is-config="true" duration-ms="6428" started-at="2018-08-06T11:25:56Z" finished-at="2018-08-06T11:26:03Z">
          <reporter-output>
          </reporter-output>
        </test-method> <!-- login -->
        <test-method status="PASS" signature="deleteCampaignTest()[pri:0, instance:com.crm.CampaignTest.CampaignTest@149494d8]" name="deleteCampaignTest" duration-ms="24676" started-at="2018-08-06T11:26:03Z" finished-at="2018-08-06T11:26:27Z">
          <reporter-output>
          </reporter-output>
        </test-method> <!-- deleteCampaignTest -->
        <test-method status="PASS" signature="logout()[pri:0, instance:com.crm.CampaignTest.CampaignTest@149494d8]" name="logout" is-config="true" duration-ms="11646" started-at="2018-08-06T11:26:27Z" finished-at="2018-08-06T11:26:39Z">
          <reporter-output>
          </reporter-output>
        </test-method> <!-- logout -->
        <test-method status="PASS" signature="closeBrowser()[pri:0, instance:com.crm.CampaignTest.CampaignTest@149494d8]" name="closeBrowser" is-config="true" duration-ms="20" started-at="2018-08-06T11:26:39Z" finished-at="2018-08-06T11:26:39Z">
          <reporter-output>
          </reporter-output>
        </test-method> <!-- closeBrowser -->
        <test-method status="PASS" signature="configAftSuite()[pri:0, instance:com.crm.CampaignTest.CampaignTest@149494d8]" name="configAftSuite" is-config="true" duration-ms="1" started-at="2018-08-06T11:26:39Z" finished-at="2018-08-06T11:26:39Z">
          <reporter-output>
          </reporter-output>
        </test-method> <!-- configAftSuite -->
      </class> <!-- com.crm.CampaignTest.CampaignTest -->
    </test> <!-- Default test -->
  </suite> <!-- Default suite -->
</testng-results>
